<?xml version="1.0" encoding="UTF-8"?>
<!-- Generated by org.testng.reporters.JUnitXMLReporter -->
<testsuite ignored="0" hostname="Abhishek" failures="0" tests="4" name="Test" time="100.495" errors="0" timestamp="2025-04-25T21:33:20 IST">
  <testcase classname="tests.LoginTest" name="loginTest" time="12.599"/>
  <testcase classname="tests.LoginTest" name="loginTest" time="11.768"/>
  <testcase classname="tests.LoginTest" name="loginTest" time="10.563"/>
  <testcase classname="tests.LoginTest" name="loginTest" time="14.864"/>
</testsuite> <!-- Test -->
