<?xml version="1.0" encoding="UTF-8"?>
<!-- Generated by org.testng.reporters.JUnitReportReporter -->
<testsuite hostname="Abhishek" failures="0" tests="4" name="tests.LoginTest" time="92.626" errors="0" timestamp="2025-04-25T21:33:30 IST" skipped="0">
  <testcase classname="tests.LoginTest" name="loginTest" time="38.499"/>
  <testcase classname="tests.LoginTest" name="loginTest" time="16.541"/>
  <testcase classname="tests.LoginTest" name="loginTest" time="18.816"/>
  <testcase classname="tests.LoginTest" name="loginTest" time="18.770"/>
</testsuite> <!-- tests.LoginTest -->
